{"level":30,"ts":1757263193242,"scope":"server","gameId":null,"playerId":"ue5UnyAwxmmYBHq4AAAB","action":"socket_connected","phase":null,"latencyMs":null,"payload":null}
{"level":30,"ts":1757263193253,"scope":"server","gameId":"n6izq","playerId":"ue5UnyAwxmmYBHq4AAAB","action":"room_created","phase":null,"latencyMs":null,"payload":null}
{"level":30,"ts":1757263193253,"scope":"server","gameId":"rk6rz","playerId":"ue5UnyAwxmmYBHq4AAAB","action":"room_created","phase":null,"latencyMs":null,"payload":null}
{"level":30,"ts":1757263210280,"scope":"server","gameId":null,"playerId":"IMN79PuDPdNZtNhYAAAB","action":"socket_connected","phase":null,"latencyMs":null,"payload":null}
{"level":30,"ts":1757263210287,"scope":"server","gameId":"87uc3","playerId":"IMN79PuDPdNZtNhYAAAB","action":"room_created","phase":null,"latencyMs":null,"payload":null}
{"level":30,"ts":1757263210288,"scope":"server","gameId":"0o23f","playerId":"IMN79PuDPdNZtNhYAAAB","action":"room_created","phase":null,"latencyMs":null,"payload":null}
{"level":30,"ts":1757263305898,"scope":"server","gameId":null,"playerId":"pd-KqmZgHwCqFeXFAAAC","action":"socket_connected","phase":null,"latencyMs":null,"payload":null}
{"level":30,"ts":1757263305902,"scope":"server","gameId":null,"playerId":"R08zEiLT4rlD_9IYAAAD","action":"socket_connected","phase":null,"latencyMs":null,"payload":null}
{"level":30,"ts":1757263305909,"scope":"server","gameId":"c046m","playerId":"R08zEiLT4rlD_9IYAAAD","action":"room_created","phase":null,"latencyMs":null,"payload":null}
{"level":30,"ts":1757263305909,"scope":"server","gameId":"3z58a","playerId":"R08zEiLT4rlD_9IYAAAD","action":"room_created","phase":null,"latencyMs":null,"payload":null}
{"level":30,"ts":1757263305909,"scope":"server","gameId":"9qw2p","playerId":"pd-KqmZgHwCqFeXFAAAC","action":"room_created","phase":null,"latencyMs":null,"payload":null}
{"level":30,"ts":1757263305909,"scope":"server","gameId":"zmslm","playerId":"pd-KqmZgHwCqFeXFAAAC","action":"room_created","phase":null,"latencyMs":null,"payload":null}
{"level":30,"ts":1757263524804,"scope":"server","gameId":null,"playerId":"2cuJyJOJzaJrM5n1AAAC","action":"socket_connected","phase":null,"latencyMs":null,"payload":null}
{"level":30,"ts":1757263524809,"scope":"server","gameId":null,"playerId":"vnmnfbYjcpm2P3fAAAAD","action":"socket_connected","phase":null,"latencyMs":null,"payload":null}
{"level":30,"ts":1757263524812,"scope":"server","gameId":"z3xz2","playerId":"2cuJyJOJzaJrM5n1AAAC","action":"room_created","phase":null,"latencyMs":null,"payload":null}
{"level":30,"ts":1757263524812,"scope":"server","gameId":"pgxmq","playerId":"2cuJyJOJzaJrM5n1AAAC","action":"room_created","phase":null,"latencyMs":null,"payload":null}
{"level":30,"ts":1757263524815,"scope":"server","gameId":"nvvnh","playerId":"vnmnfbYjcpm2P3fAAAAD","action":"room_created","phase":null,"latencyMs":null,"payload":null}
{"level":30,"ts":1757263524816,"scope":"server","gameId":"z3xz2","playerId":"vnmnfbYjcpm2P3fAAAAD","action":"room_joined","phase":null,"latencyMs":null,"payload":{"users":2}}
{"level":30,"ts":1757263611882,"scope":"server","gameId":null,"playerId":"F7BnI6biTyZuXx1BAAAC","action":"socket_connected","phase":null,"latencyMs":null,"payload":null}
{"level":30,"ts":1757263611887,"scope":"server","gameId":null,"playerId":"q0j2pmtp-W1LQG4yAAAD","action":"socket_connected","phase":null,"latencyMs":null,"payload":null}
{"level":30,"ts":1757263611889,"scope":"server","gameId":"mtkuj","playerId":"F7BnI6biTyZuXx1BAAAC","action":"room_created","phase":null,"latencyMs":null,"payload":null}
{"level":30,"ts":1757263611890,"scope":"server","gameId":"qq3zx","playerId":"F7BnI6biTyZuXx1BAAAC","action":"room_created","phase":null,"latencyMs":null,"payload":null}
{"level":30,"ts":1757263611892,"scope":"server","gameId":"r9n5v","playerId":"q0j2pmtp-W1LQG4yAAAD","action":"room_created","phase":null,"latencyMs":null,"payload":null}
{"level":30,"ts":1757263611893,"scope":"server","gameId":"mtkuj","playerId":"q0j2pmtp-W1LQG4yAAAD","action":"room_joined","phase":null,"latencyMs":null,"payload":{"users":2}}
{"level":30,"ts":1757263612195,"scope":"server","gameId":"mtkuj","playerId":"q0j2pmtp-W1LQG4yAAAD","action":"startGame_request","phase":null,"latencyMs":null,"payload":null}
{"level":30,"ts":1757263612195,"scope":"server","gameId":"mtkuj","playerId":null,"action":"beginGame_init","phase":null,"latencyMs":null,"payload":{"users":2}}
{"level":30,"ts":1757263612498,"scope":"server","gameId":"mtkuj","playerId":null,"action":"beginGame_started","phase":null,"latencyMs":null,"payload":null}
{"level":30,"ts":1757263612502,"scope":"server","gameId":"mtkuj","playerId":"q0j2pmtp-W1LQG4yAAAD","action":"updateAck","phase":null,"latencyMs":3,"payload":{"stateSeq":1}}
{"level":30,"ts":1757263612502,"scope":"server","gameId":"mtkuj","playerId":"F7BnI6biTyZuXx1BAAAC","action":"updateAck","phase":null,"latencyMs":3,"payload":{"stateSeq":1}}
{"level":30,"ts":1757263612504,"scope":"server","gameId":"mtkuj","playerId":"F7BnI6biTyZuXx1BAAAC","action":"playCard","phase":"play","latencyMs":null,"payload":{"card":57}}
{"level":30,"ts":1757263612504,"scope":"server","gameId":"mtkuj","playerId":null,"action":"state_update","phase":"play","latencyMs":null,"payload":{"turn":0}}
{"level":30,"ts":1757263612504,"scope":"server","gameId":"mtkuj","playerId":"q0j2pmtp-W1LQG4yAAAD","action":"playCard","phase":"play","latencyMs":null,"payload":{"card":75}}
{"level":30,"ts":1757263612505,"scope":"server","gameId":"mtkuj","playerId":null,"action":"phase_transition","phase":null,"latencyMs":null,"payload":{"from":"play","to":"shop","turn":0}}
{"level":30,"ts":1757263612506,"scope":"server","gameId":"mtkuj","playerId":"q0j2pmtp-W1LQG4yAAAD","action":"updateAck","phase":null,"latencyMs":2,"payload":{"stateSeq":2}}
{"level":30,"ts":1757263612507,"scope":"server","gameId":"mtkuj","playerId":"F7BnI6biTyZuXx1BAAAC","action":"updateAck","phase":null,"latencyMs":3,"payload":{"stateSeq":2}}
{"level":30,"ts":1757263612507,"scope":"server","gameId":"mtkuj","playerId":"F7BnI6biTyZuXx1BAAAC","action":"playCard_reject","phase":"shop","latencyMs":null,"payload":{"card":18,"reason":"phase"}}
{"level":30,"ts":1757263612508,"scope":"server","gameId":"mtkuj","playerId":"q0j2pmtp-W1LQG4yAAAD","action":"playCard_reject","phase":"shop","latencyMs":null,"payload":{"card":75,"reason":"phase"}}
{"level":30,"ts":1757263612508,"scope":"server","gameId":"mtkuj","playerId":"q0j2pmtp-W1LQG4yAAAD","action":"updateAck","phase":null,"latencyMs":3,"payload":{"stateSeq":3}}
{"level":30,"ts":1757263612508,"scope":"server","gameId":"mtkuj","playerId":"F7BnI6biTyZuXx1BAAAC","action":"updateAck","phase":null,"latencyMs":3,"payload":{"stateSeq":3}}
{"level":30,"ts":1757263612509,"scope":"server","gameId":"mtkuj","playerId":"F7BnI6biTyZuXx1BAAAC","action":"shopChooseCard","phase":"shop","latencyMs":null,"payload":{"card":16}}
{"level":30,"ts":1757263612509,"scope":"server","gameId":"mtkuj","playerId":null,"action":"state_update","phase":"shop","latencyMs":null,"payload":{"turn":0}}
{"level":30,"ts":1757263612510,"scope":"server","gameId":"mtkuj","playerId":"F7BnI6biTyZuXx1BAAAC","action":"updateAck","phase":null,"latencyMs":1,"payload":{"stateSeq":4}}
{"level":30,"ts":1757263612510,"scope":"server","gameId":"mtkuj","playerId":"q0j2pmtp-W1LQG4yAAAD","action":"updateAck","phase":null,"latencyMs":1,"payload":{"stateSeq":4}}
{"level":30,"ts":1757263612511,"scope":"server","gameId":"mtkuj","playerId":"q0j2pmtp-W1LQG4yAAAD","action":"shopChooseCard","phase":"shop","latencyMs":null,"payload":{"card":22}}
{"level":30,"ts":1757263612511,"scope":"server","gameId":"mtkuj","playerId":null,"action":"phase_transition","phase":null,"latencyMs":null,"payload":{"from":"shop","to":"play","turn":1}}
{"level":30,"ts":1757263612511,"scope":"server","gameId":"mtkuj","playerId":null,"action":"state_update","phase":"shop","latencyMs":null,"payload":{"turn":1}}
{"level":30,"ts":1757263612512,"scope":"server","gameId":"mtkuj","playerId":"F7BnI6biTyZuXx1BAAAC","action":"updateAck","phase":null,"latencyMs":1,"payload":{"stateSeq":5}}
{"level":30,"ts":1757263612512,"scope":"server","gameId":"mtkuj","playerId":"q0j2pmtp-W1LQG4yAAAD","action":"updateAck","phase":null,"latencyMs":1,"payload":{"stateSeq":5}}
{"level":30,"ts":1757263612513,"scope":"server","gameId":"mtkuj","playerId":"q0j2pmtp-W1LQG4yAAAD","action":"playCard","phase":"play","latencyMs":null,"payload":{"card":44}}
{"level":30,"ts":1757263612513,"scope":"server","gameId":"mtkuj","playerId":null,"action":"state_update","phase":"play","latencyMs":null,"payload":{"turn":1}}
{"level":30,"ts":1757263612513,"scope":"server","gameId":"mtkuj","playerId":"F7BnI6biTyZuXx1BAAAC","action":"playCard","phase":"play","latencyMs":null,"payload":{"card":72}}
{"level":30,"ts":1757263612513,"scope":"server","gameId":"mtkuj","playerId":null,"action":"phase_transition","phase":null,"latencyMs":null,"payload":{"from":"play","to":"sanctuary","turn":1}}
{"level":30,"ts":1757263612514,"scope":"server","gameId":"mtkuj","playerId":"q0j2pmtp-W1LQG4yAAAD","action":"updateAck","phase":null,"latencyMs":1,"payload":{"stateSeq":6}}
{"level":30,"ts":1757263612514,"scope":"server","gameId":"mtkuj","playerId":"q0j2pmtp-W1LQG4yAAAD","action":"playCard_reject","phase":"sanctuary","latencyMs":null,"payload":{"card":64,"reason":"phase"}}
{"level":30,"ts":1757263612514,"scope":"server","gameId":"mtkuj","playerId":"F7BnI6biTyZuXx1BAAAC","action":"updateAck","phase":null,"latencyMs":1,"payload":{"stateSeq":6}}
{"level":30,"ts":1757263612514,"scope":"server","gameId":"mtkuj","playerId":"F7BnI6biTyZuXx1BAAAC","action":"playCard_reject","phase":"sanctuary","latencyMs":null,"payload":{"card":18,"reason":"phase"}}
{"level":30,"ts":1757263612514,"scope":"server","gameId":"mtkuj","playerId":"F7BnI6biTyZuXx1BAAAC","action":"updateAck","phase":null,"latencyMs":1,"payload":{"stateSeq":7}}
{"level":30,"ts":1757263612515,"scope":"server","gameId":"mtkuj","playerId":"q0j2pmtp-W1LQG4yAAAD","action":"updateAck","phase":null,"latencyMs":2,"payload":{"stateSeq":7}}
{"level":30,"ts":1757263612515,"scope":"server","gameId":"mtkuj","playerId":"F7BnI6biTyZuXx1BAAAC","action":"sanctuaryChoose","phase":"sanctuary","latencyMs":null,"payload":{"card":49}}
{"level":30,"ts":1757263612515,"scope":"server","gameId":"mtkuj","playerId":null,"action":"phase_transition","phase":null,"latencyMs":null,"payload":{"from":"sanctuary","to":"shop","turn":1}}
{"level":30,"ts":1757263612516,"scope":"server","gameId":"mtkuj","playerId":"F7BnI6biTyZuXx1BAAAC","action":"updateAck","phase":null,"latencyMs":1,"payload":{"stateSeq":8}}
{"level":30,"ts":1757263612516,"scope":"server","gameId":"mtkuj","playerId":"q0j2pmtp-W1LQG4yAAAD","action":"updateAck","phase":null,"latencyMs":1,"payload":{"stateSeq":8}}
{"level":30,"ts":1757263612516,"scope":"server","gameId":"mtkuj","playerId":"q0j2pmtp-W1LQG4yAAAD","action":"shopChooseCard","phase":"shop","latencyMs":null,"payload":{"card":73}}
{"level":30,"ts":1757263612516,"scope":"server","gameId":"mtkuj","playerId":null,"action":"state_update","phase":"shop","latencyMs":null,"payload":{"turn":1}}
{"level":30,"ts":1757263612517,"scope":"server","gameId":"mtkuj","playerId":"q0j2pmtp-W1LQG4yAAAD","action":"updateAck","phase":null,"latencyMs":1,"payload":{"stateSeq":9}}
{"level":30,"ts":1757263612517,"scope":"server","gameId":"mtkuj","playerId":"F7BnI6biTyZuXx1BAAAC","action":"updateAck","phase":null,"latencyMs":1,"payload":{"stateSeq":9}}
{"level":30,"ts":1757263612518,"scope":"server","gameId":"mtkuj","playerId":"F7BnI6biTyZuXx1BAAAC","action":"shopChooseCard","phase":"shop","latencyMs":null,"payload":{"card":26}}
{"level":30,"ts":1757263612518,"scope":"server","gameId":"mtkuj","playerId":null,"action":"phase_transition","phase":null,"latencyMs":null,"payload":{"from":"shop","to":"play","turn":2}}
{"level":30,"ts":1757263612518,"scope":"server","gameId":"mtkuj","playerId":null,"action":"state_update","phase":"shop","latencyMs":null,"payload":{"turn":2}}
{"level":30,"ts":1757263612519,"scope":"server","gameId":"mtkuj","playerId":"F7BnI6biTyZuXx1BAAAC","action":"updateAck","phase":null,"latencyMs":1,"payload":{"stateSeq":10}}
{"level":30,"ts":1757263612519,"scope":"server","gameId":"mtkuj","playerId":"q0j2pmtp-W1LQG4yAAAD","action":"updateAck","phase":null,"latencyMs":1,"payload":{"stateSeq":10}}
{"level":30,"ts":1757263612519,"scope":"server","gameId":"mtkuj","playerId":"F7BnI6biTyZuXx1BAAAC","action":"playCard","phase":"play","latencyMs":null,"payload":{"card":18}}
{"level":30,"ts":1757263612519,"scope":"server","gameId":"mtkuj","playerId":null,"action":"state_update","phase":"play","latencyMs":null,"payload":{"turn":2}}
{"level":30,"ts":1757263612520,"scope":"server","gameId":"mtkuj","playerId":"q0j2pmtp-W1LQG4yAAAD","action":"playCard","phase":"play","latencyMs":null,"payload":{"card":73}}
{"level":30,"ts":1757263612520,"scope":"server","gameId":"mtkuj","playerId":null,"action":"phase_transition","phase":null,"latencyMs":null,"payload":{"from":"play","to":"sanctuary","turn":2}}
{"level":30,"ts":1757263612520,"scope":"server","gameId":"mtkuj","playerId":"q0j2pmtp-W1LQG4yAAAD","action":"updateAck","phase":null,"latencyMs":1,"payload":{"stateSeq":11}}
{"level":30,"ts":1757263612520,"scope":"server","gameId":"mtkuj","playerId":"q0j2pmtp-W1LQG4yAAAD","action":"playCard_reject","phase":"sanctuary","latencyMs":null,"payload":{"card":73,"reason":"phase"}}
{"level":30,"ts":1757263612521,"scope":"server","gameId":"mtkuj","playerId":"F7BnI6biTyZuXx1BAAAC","action":"updateAck","phase":null,"latencyMs":2,"payload":{"stateSeq":11}}
{"level":30,"ts":1757263612521,"scope":"server","gameId":"mtkuj","playerId":"F7BnI6biTyZuXx1BAAAC","action":"playCard_reject","phase":"sanctuary","latencyMs":null,"payload":{"card":16,"reason":"phase"}}
{"level":30,"ts":1757263612521,"scope":"server","gameId":"mtkuj","playerId":"F7BnI6biTyZuXx1BAAAC","action":"updateAck","phase":null,"latencyMs":1,"payload":{"stateSeq":12}}
{"level":30,"ts":1757263612521,"scope":"server","gameId":"mtkuj","playerId":"q0j2pmtp-W1LQG4yAAAD","action":"updateAck","phase":null,"latencyMs":1,"payload":{"stateSeq":12}}
{"level":30,"ts":1757263612521,"scope":"server","gameId":"mtkuj","playerId":"q0j2pmtp-W1LQG4yAAAD","action":"sanctuaryChoose","phase":"sanctuary","latencyMs":null,"payload":{"card":11}}
{"level":30,"ts":1757263612521,"scope":"server","gameId":"mtkuj","playerId":null,"action":"phase_transition","phase":null,"latencyMs":null,"payload":{"from":"sanctuary","to":"shop","turn":2}}
{"level":30,"ts":1757263612522,"scope":"server","gameId":"mtkuj","playerId":"F7BnI6biTyZuXx1BAAAC","action":"updateAck","phase":null,"latencyMs":1,"payload":{"stateSeq":13}}
{"level":30,"ts":1757263612522,"scope":"server","gameId":"mtkuj","playerId":"q0j2pmtp-W1LQG4yAAAD","action":"updateAck","phase":null,"latencyMs":1,"payload":{"stateSeq":13}}
{"level":30,"ts":1757263612522,"scope":"server","gameId":"mtkuj","playerId":"F7BnI6biTyZuXx1BAAAC","action":"shopChooseCard","phase":"shop","latencyMs":null,"payload":{"card":51}}
{"level":30,"ts":1757263612522,"scope":"server","gameId":"mtkuj","playerId":null,"action":"state_update","phase":"shop","latencyMs":null,"payload":{"turn":2}}
{"level":30,"ts":1757263612522,"scope":"server","gameId":"mtkuj","playerId":"F7BnI6biTyZuXx1BAAAC","action":"updateAck","phase":null,"latencyMs":null,"payload":{"stateSeq":14}}
{"level":30,"ts":1757263612522,"scope":"server","gameId":"mtkuj","playerId":"q0j2pmtp-W1LQG4yAAAD","action":"updateAck","phase":null,"latencyMs":null,"payload":{"stateSeq":14}}
{"level":30,"ts":1757263612522,"scope":"server","gameId":"mtkuj","playerId":"q0j2pmtp-W1LQG4yAAAD","action":"shopChooseCard","phase":"shop","latencyMs":null,"payload":{"card":59}}
{"level":30,"ts":1757263612522,"scope":"server","gameId":"mtkuj","playerId":null,"action":"phase_transition","phase":null,"latencyMs":null,"payload":{"from":"shop","to":"play","turn":3}}
{"level":30,"ts":1757263612522,"scope":"server","gameId":"mtkuj","playerId":null,"action":"state_update","phase":"shop","latencyMs":null,"payload":{"turn":3}}
{"level":30,"ts":1757263612523,"scope":"server","gameId":"mtkuj","playerId":"q0j2pmtp-W1LQG4yAAAD","action":"updateAck","phase":null,"latencyMs":1,"payload":{"stateSeq":15}}
{"level":30,"ts":1757263612523,"scope":"server","gameId":"mtkuj","playerId":"q0j2pmtp-W1LQG4yAAAD","action":"playCard","phase":"play","latencyMs":null,"payload":{"card":22}}
{"level":30,"ts":1757263612524,"scope":"server","gameId":"mtkuj","playerId":null,"action":"state_update","phase":"play","latencyMs":null,"payload":{"turn":3}}
{"level":30,"ts":1757263612524,"scope":"server","gameId":"mtkuj","playerId":"F7BnI6biTyZuXx1BAAAC","action":"updateAck","phase":null,"latencyMs":2,"payload":{"stateSeq":15}}
{"level":30,"ts":1757263612524,"scope":"server","gameId":"mtkuj","playerId":"F7BnI6biTyZuXx1BAAAC","action":"playCard","phase":"play","latencyMs":null,"payload":{"card":16}}
{"level":30,"ts":1757263612524,"scope":"server","gameId":"mtkuj","playerId":null,"action":"phase_transition","phase":null,"latencyMs":null,"payload":{"from":"play","to":"sanctuary","turn":3}}
{"level":30,"ts":1757263612524,"scope":"server","gameId":"mtkuj","playerId":null,"action":"phase_transition","phase":null,"latencyMs":null,"payload":{"from":"sanctuary","to":"shop","turn":3}}
{"level":30,"ts":1757263612524,"scope":"server","gameId":"mtkuj","playerId":"F7BnI6biTyZuXx1BAAAC","action":"updateAck","phase":null,"latencyMs":null,"payload":{"stateSeq":16}}
{"level":30,"ts":1757263612524,"scope":"server","gameId":"mtkuj","playerId":"q0j2pmtp-W1LQG4yAAAD","action":"updateAck","phase":null,"latencyMs":null,"payload":{"stateSeq":16}}
{"level":30,"ts":1757263612524,"scope":"server","gameId":"mtkuj","playerId":"F7BnI6biTyZuXx1BAAAC","action":"playCard_reject","phase":"shop","latencyMs":null,"payload":{"card":51,"reason":"phase"}}
{"level":30,"ts":1757263612525,"scope":"server","gameId":"mtkuj","playerId":"q0j2pmtp-W1LQG4yAAAD","action":"playCard_reject","phase":"shop","latencyMs":null,"payload":{"card":59,"reason":"phase"}}
{"level":30,"ts":1757263612525,"scope":"server","gameId":"mtkuj","playerId":"q0j2pmtp-W1LQG4yAAAD","action":"updateAck","phase":null,"latencyMs":1,"payload":{"stateSeq":17}}
{"level":30,"ts":1757263612525,"scope":"server","gameId":"mtkuj","playerId":"F7BnI6biTyZuXx1BAAAC","action":"updateAck","phase":null,"latencyMs":1,"payload":{"stateSeq":17}}
{"level":30,"ts":1757263612525,"scope":"server","gameId":"mtkuj","playerId":"F7BnI6biTyZuXx1BAAAC","action":"shopChooseCard","phase":"shop","latencyMs":null,"payload":{"card":30}}
{"level":30,"ts":1757263612525,"scope":"server","gameId":"mtkuj","playerId":null,"action":"state_update","phase":"shop","latencyMs":null,"payload":{"turn":3}}
{"level":30,"ts":1757263612525,"scope":"server","gameId":"mtkuj","playerId":"F7BnI6biTyZuXx1BAAAC","action":"updateAck","phase":null,"latencyMs":null,"payload":{"stateSeq":18}}
{"level":30,"ts":1757263612525,"scope":"server","gameId":"mtkuj","playerId":"q0j2pmtp-W1LQG4yAAAD","action":"updateAck","phase":null,"latencyMs":null,"payload":{"stateSeq":18}}
{"level":30,"ts":1757263612526,"scope":"server","gameId":"mtkuj","playerId":"q0j2pmtp-W1LQG4yAAAD","action":"shopChooseCard","phase":"shop","latencyMs":null,"payload":{"card":29}}
{"level":30,"ts":1757263612526,"scope":"server","gameId":"mtkuj","playerId":null,"action":"phase_transition","phase":null,"latencyMs":null,"payload":{"from":"shop","to":"play","turn":4}}
{"level":30,"ts":1757263612526,"scope":"server","gameId":"mtkuj","playerId":null,"action":"state_update","phase":"shop","latencyMs":null,"payload":{"turn":4}}
{"level":30,"ts":1757263612526,"scope":"server","gameId":"mtkuj","playerId":"q0j2pmtp-W1LQG4yAAAD","action":"updateAck","phase":null,"latencyMs":null,"payload":{"stateSeq":19}}
{"level":30,"ts":1757263612526,"scope":"server","gameId":"mtkuj","playerId":"F7BnI6biTyZuXx1BAAAC","action":"updateAck","phase":null,"latencyMs":null,"payload":{"stateSeq":19}}
{"level":30,"ts":1757263612526,"scope":"server","gameId":"mtkuj","playerId":"q0j2pmtp-W1LQG4yAAAD","action":"playCard","phase":"play","latencyMs":null,"payload":{"card":59}}
{"level":30,"ts":1757263612526,"scope":"server","gameId":"mtkuj","playerId":null,"action":"state_update","phase":"play","latencyMs":null,"payload":{"turn":4}}
{"level":30,"ts":1757263612527,"scope":"server","gameId":"mtkuj","playerId":"F7BnI6biTyZuXx1BAAAC","action":"playCard","phase":"play","latencyMs":null,"payload":{"card":30}}
{"level":30,"ts":1757263612527,"scope":"server","gameId":"mtkuj","playerId":null,"action":"phase_transition","phase":null,"latencyMs":null,"payload":{"from":"play","to":"sanctuary","turn":4}}
{"level":30,"ts":1757263612527,"scope":"server","gameId":"mtkuj","playerId":"q0j2pmtp-W1LQG4yAAAD","action":"updateAck","phase":null,"latencyMs":1,"payload":{"stateSeq":20}}
{"level":30,"ts":1757263612527,"scope":"server","gameId":"mtkuj","playerId":"q0j2pmtp-W1LQG4yAAAD","action":"playCard_reject","phase":"sanctuary","latencyMs":null,"payload":{"card":64,"reason":"phase"}}
{"level":30,"ts":1757263612527,"scope":"server","gameId":"mtkuj","playerId":"q0j2pmtp-W1LQG4yAAAD","action":"updateAck","phase":null,"latencyMs":null,"payload":{"stateSeq":21}}
{"level":30,"ts":1757263612527,"scope":"server","gameId":"mtkuj","playerId":"q0j2pmtp-W1LQG4yAAAD","action":"sanctuaryChoose","phase":"sanctuary","latencyMs":null,"payload":{"card":24}}
{"level":30,"ts":1757263612527,"scope":"server","gameId":"mtkuj","playerId":null,"action":"state_update","phase":"sanctuary","latencyMs":null,"payload":{"turn":4}}
{"level":30,"ts":1757263612528,"scope":"server","gameId":"mtkuj","playerId":"F7BnI6biTyZuXx1BAAAC","action":"updateAck","phase":null,"latencyMs":2,"payload":{"stateSeq":20}}
{"level":30,"ts":1757263612528,"scope":"server","gameId":"mtkuj","playerId":"F7BnI6biTyZuXx1BAAAC","action":"playCard_reject","phase":"sanctuary","latencyMs":null,"payload":{"card":30,"reason":"phase"}}
{"level":30,"ts":1757263612528,"scope":"server","gameId":"mtkuj","playerId":"F7BnI6biTyZuXx1BAAAC","action":"updateAck","phase":null,"latencyMs":1,"payload":{"stateSeq":21}}
{"level":30,"ts":1757263612528,"scope":"server","gameId":"mtkuj","playerId":"F7BnI6biTyZuXx1BAAAC","action":"sanctuaryChoose","phase":"sanctuary","latencyMs":null,"payload":{"card":44}}
{"level":30,"ts":1757263612528,"scope":"server","gameId":"mtkuj","playerId":null,"action":"phase_transition","phase":null,"latencyMs":null,"payload":{"from":"sanctuary","to":"shop","turn":4}}
{"level":30,"ts":1757263612528,"scope":"server","gameId":"mtkuj","playerId":"q0j2pmtp-W1LQG4yAAAD","action":"updateAck","phase":null,"latencyMs":1,"payload":{"stateSeq":22}}
{"level":30,"ts":1757263612528,"scope":"server","gameId":"mtkuj","playerId":"F7BnI6biTyZuXx1BAAAC","action":"updateAck","phase":null,"latencyMs":1,"payload":{"stateSeq":22}}
{"level":30,"ts":1757263612528,"scope":"server","gameId":"mtkuj","playerId":"F7BnI6biTyZuXx1BAAAC","action":"sanctuaryChoose_reject","phase":"shop","latencyMs":null,"payload":{"card":44,"reason":"phase"}}
{"level":30,"ts":1757263612528,"scope":"server","gameId":"mtkuj","playerId":"F7BnI6biTyZuXx1BAAAC","action":"updateAck","phase":null,"latencyMs":null,"payload":{"stateSeq":23}}
{"level":30,"ts":1757263612528,"scope":"server","gameId":"mtkuj","playerId":"F7BnI6biTyZuXx1BAAAC","action":"shopChooseCard","phase":"shop","latencyMs":null,"payload":{"card":39}}
{"level":30,"ts":1757263612528,"scope":"server","gameId":"mtkuj","playerId":null,"action":"state_update","phase":"shop","latencyMs":null,"payload":{"turn":4}}
{"level":30,"ts":1757263612528,"scope":"server","gameId":"mtkuj","playerId":"q0j2pmtp-W1LQG4yAAAD","action":"updateAck","phase":null,"latencyMs":null,"payload":{"stateSeq":23}}
{"level":30,"ts":1757263612530,"scope":"server","gameId":"mtkuj","playerId":"q0j2pmtp-W1LQG4yAAAD","action":"updateAck","phase":null,"latencyMs":2,"payload":{"stateSeq":24}}
{"level":30,"ts":1757263612530,"scope":"server","gameId":"mtkuj","playerId":"q0j2pmtp-W1LQG4yAAAD","action":"shopChooseCard","phase":"shop","latencyMs":null,"payload":{"card":74}}
{"level":30,"ts":1757263612530,"scope":"server","gameId":"mtkuj","playerId":null,"action":"phase_transition","phase":null,"latencyMs":null,"payload":{"from":"shop","to":"play","turn":5}}
{"level":30,"ts":1757263612530,"scope":"server","gameId":"mtkuj","playerId":null,"action":"state_update","phase":"shop","latencyMs":null,"payload":{"turn":5}}
{"level":30,"ts":1757263612530,"scope":"server","gameId":"mtkuj","playerId":"F7BnI6biTyZuXx1BAAAC","action":"updateAck","phase":null,"latencyMs":2,"payload":{"stateSeq":24}}
{"level":30,"ts":1757263612531,"scope":"server","gameId":"mtkuj","playerId":"F7BnI6biTyZuXx1BAAAC","action":"updateAck","phase":null,"latencyMs":1,"payload":{"stateSeq":25}}
{"level":30,"ts":1757263612531,"scope":"server","gameId":"mtkuj","playerId":"q0j2pmtp-W1LQG4yAAAD","action":"updateAck","phase":null,"latencyMs":1,"payload":{"stateSeq":25}}
{"level":30,"ts":1757263612531,"scope":"server","gameId":"mtkuj","playerId":"q0j2pmtp-W1LQG4yAAAD","action":"playCard","phase":"play","latencyMs":null,"payload":{"card":74}}
{"level":30,"ts":1757263612531,"scope":"server","gameId":"mtkuj","playerId":null,"action":"state_update","phase":"play","latencyMs":null,"payload":{"turn":5}}
{"level":30,"ts":1757263612532,"scope":"server","gameId":"mtkuj","playerId":"F7BnI6biTyZuXx1BAAAC","action":"playCard","phase":"play","latencyMs":null,"payload":{"card":51}}
{"level":30,"ts":1757263612532,"scope":"server","gameId":"mtkuj","playerId":null,"action":"phase_transition","phase":null,"latencyMs":null,"payload":{"from":"play","to":"sanctuary","turn":5}}
{"level":30,"ts":1757263612532,"scope":"server","gameId":"mtkuj","playerId":"q0j2pmtp-W1LQG4yAAAD","action":"updateAck","phase":null,"latencyMs":1,"payload":{"stateSeq":26}}
{"level":30,"ts":1757263612532,"scope":"server","gameId":"mtkuj","playerId":"q0j2pmtp-W1LQG4yAAAD","action":"playCard_reject","phase":"sanctuary","latencyMs":null,"payload":{"card":64,"reason":"phase"}}
{"level":30,"ts":1757263612533,"scope":"server","gameId":"mtkuj","playerId":"F7BnI6biTyZuXx1BAAAC","action":"updateAck","phase":null,"latencyMs":2,"payload":{"stateSeq":26}}
{"level":30,"ts":1757263612533,"scope":"server","gameId":"mtkuj","playerId":"F7BnI6biTyZuXx1BAAAC","action":"playCard_reject","phase":"sanctuary","latencyMs":null,"payload":{"card":39,"reason":"phase"}}
{"level":30,"ts":1757263612533,"scope":"server","gameId":"mtkuj","playerId":"F7BnI6biTyZuXx1BAAAC","action":"updateAck","phase":null,"latencyMs":1,"payload":{"stateSeq":27}}
{"level":30,"ts":1757263612533,"scope":"server","gameId":"mtkuj","playerId":"q0j2pmtp-W1LQG4yAAAD","action":"updateAck","phase":null,"latencyMs":1,"payload":{"stateSeq":27}}
{"level":30,"ts":1757263612533,"scope":"server","gameId":"mtkuj","playerId":"q0j2pmtp-W1LQG4yAAAD","action":"sanctuaryChoose","phase":"sanctuary","latencyMs":null,"payload":{"card":4}}
{"level":30,"ts":1757263612533,"scope":"server","gameId":"mtkuj","playerId":null,"action":"state_update","phase":"sanctuary","latencyMs":null,"payload":{"turn":5}}
{"level":30,"ts":1757263612533,"scope":"server","gameId":"mtkuj","playerId":"F7BnI6biTyZuXx1BAAAC","action":"sanctuaryChoose","phase":"sanctuary","latencyMs":null,"payload":{"card":8}}
{"level":30,"ts":1757263612533,"scope":"server","gameId":"mtkuj","playerId":null,"action":"phase_transition","phase":null,"latencyMs":null,"payload":{"from":"sanctuary","to":"shop","turn":5}}
{"level":30,"ts":1757263612534,"scope":"server","gameId":"mtkuj","playerId":"q0j2pmtp-W1LQG4yAAAD","action":"updateAck","phase":null,"latencyMs":1,"payload":{"stateSeq":28}}
{"level":30,"ts":1757263612534,"scope":"server","gameId":"mtkuj","playerId":"F7BnI6biTyZuXx1BAAAC","action":"updateAck","phase":null,"latencyMs":1,"payload":{"stateSeq":28}}
{"level":30,"ts":1757263612534,"scope":"server","gameId":"mtkuj","playerId":"F7BnI6biTyZuXx1BAAAC","action":"sanctuaryChoose_reject","phase":"shop","latencyMs":null,"payload":{"card":8,"reason":"phase"}}
{"level":30,"ts":1757263612536,"scope":"server","gameId":"mtkuj","playerId":"q0j2pmtp-W1LQG4yAAAD","action":"updateAck","phase":null,"latencyMs":3,"payload":{"stateSeq":29}}
{"level":30,"ts":1757263612536,"scope":"server","gameId":"mtkuj","playerId":"F7BnI6biTyZuXx1BAAAC","action":"updateAck","phase":null,"latencyMs":3,"payload":{"stateSeq":29}}
{"level":30,"ts":1757263612536,"scope":"server","gameId":"mtkuj","playerId":"F7BnI6biTyZuXx1BAAAC","action":"shopChooseCard","phase":"shop","latencyMs":null,"payload":{"card":47}}
{"level":30,"ts":1757263612536,"scope":"server","gameId":"mtkuj","playerId":null,"action":"state_update","phase":"shop","latencyMs":null,"payload":{"turn":5}}
{"level":30,"ts":1757263612537,"scope":"server","gameId":"mtkuj","playerId":"F7BnI6biTyZuXx1BAAAC","action":"updateAck","phase":null,"latencyMs":1,"payload":{"stateSeq":30}}
{"level":30,"ts":1757263612537,"scope":"server","gameId":"mtkuj","playerId":"q0j2pmtp-W1LQG4yAAAD","action":"updateAck","phase":null,"latencyMs":1,"payload":{"stateSeq":30}}
{"level":30,"ts":1757263612537,"scope":"server","gameId":"mtkuj","playerId":"q0j2pmtp-W1LQG4yAAAD","action":"shopChooseCard","phase":"shop","latencyMs":null,"payload":{"card":10}}
{"level":30,"ts":1757263612537,"scope":"server","gameId":"mtkuj","playerId":null,"action":"phase_transition","phase":null,"latencyMs":null,"payload":{"from":"shop","to":"play","turn":6}}
{"level":30,"ts":1757263612537,"scope":"server","gameId":"mtkuj","playerId":null,"action":"state_update","phase":"shop","latencyMs":null,"payload":{"turn":6}}
{"level":30,"ts":1757263612537,"scope":"server","gameId":"mtkuj","playerId":"F7BnI6biTyZuXx1BAAAC","action":"updateAck","phase":null,"latencyMs":null,"payload":{"stateSeq":31}}
{"level":30,"ts":1757263612537,"scope":"server","gameId":"mtkuj","playerId":"q0j2pmtp-W1LQG4yAAAD","action":"updateAck","phase":null,"latencyMs":null,"payload":{"stateSeq":31}}
{"level":30,"ts":1757263612537,"scope":"server","gameId":"mtkuj","playerId":"F7BnI6biTyZuXx1BAAAC","action":"playCard","phase":"play","latencyMs":null,"payload":{"card":26}}
{"level":30,"ts":1757263612537,"scope":"server","gameId":"mtkuj","playerId":null,"action":"state_update","phase":"play","latencyMs":null,"payload":{"turn":6}}
{"level":30,"ts":1757263612538,"scope":"server","gameId":"mtkuj","playerId":"q0j2pmtp-W1LQG4yAAAD","action":"playCard","phase":"play","latencyMs":null,"payload":{"card":29}}
{"level":30,"ts":1757263612538,"scope":"server","gameId":"mtkuj","playerId":null,"action":"phase_transition","phase":null,"latencyMs":null,"payload":{"from":"play","to":"sanctuary","turn":6}}
{"level":30,"ts":1757263612538,"scope":"server","gameId":"mtkuj","playerId":null,"action":"phase_transition","phase":null,"latencyMs":null,"payload":{"from":"sanctuary","to":"shop","turn":6}}
{"level":30,"ts":1757263612538,"scope":"server","gameId":"mtkuj","playerId":"q0j2pmtp-W1LQG4yAAAD","action":"updateAck","phase":null,"latencyMs":1,"payload":{"stateSeq":32}}
{"level":30,"ts":1757263612538,"scope":"server","gameId":"mtkuj","playerId":"F7BnI6biTyZuXx1BAAAC","action":"updateAck","phase":null,"latencyMs":1,"payload":{"stateSeq":32}}
{"level":30,"ts":1757263612538,"scope":"server","gameId":"mtkuj","playerId":"F7BnI6biTyZuXx1BAAAC","action":"playCard_reject","phase":"shop","latencyMs":null,"payload":{"card":47,"reason":"phase"}}
{"level":30,"ts":1757263612538,"scope":"server","gameId":"mtkuj","playerId":"q0j2pmtp-W1LQG4yAAAD","action":"playCard_reject","phase":"shop","latencyMs":null,"payload":{"card":64,"reason":"phase"}}
{"level":30,"ts":1757263612538,"scope":"server","gameId":"mtkuj","playerId":"F7BnI6biTyZuXx1BAAAC","action":"updateAck","phase":null,"latencyMs":null,"payload":{"stateSeq":33}}
{"level":30,"ts":1757263612538,"scope":"server","gameId":"mtkuj","playerId":"F7BnI6biTyZuXx1BAAAC","action":"shopChooseCard","phase":"shop","latencyMs":null,"payload":{"card":4}}
{"level":30,"ts":1757263612538,"scope":"server","gameId":"mtkuj","playerId":null,"action":"state_update","phase":"shop","latencyMs":null,"payload":{"turn":6}}
{"level":30,"ts":1757263612539,"scope":"server","gameId":"mtkuj","playerId":"q0j2pmtp-W1LQG4yAAAD","action":"updateAck","phase":null,"latencyMs":1,"payload":{"stateSeq":33}}
{"level":30,"ts":1757263612539,"scope":"server","gameId":"mtkuj","playerId":"q0j2pmtp-W1LQG4yAAAD","action":"updateAck","phase":null,"latencyMs":1,"payload":{"stateSeq":34}}
{"level":30,"ts":1757263612539,"scope":"server","gameId":"mtkuj","playerId":"F7BnI6biTyZuXx1BAAAC","action":"updateAck","phase":null,"latencyMs":1,"payload":{"stateSeq":34}}
{"level":30,"ts":1757263612539,"scope":"server","gameId":"mtkuj","playerId":"q0j2pmtp-W1LQG4yAAAD","action":"shopChooseCard","phase":"shop","latencyMs":null,"payload":{"card":15}}
{"level":30,"ts":1757263612539,"scope":"server","gameId":"mtkuj","playerId":null,"action":"phase_transition","phase":null,"latencyMs":null,"payload":{"from":"shop","to":"play","turn":7}}
{"level":30,"ts":1757263612539,"scope":"server","gameId":"mtkuj","playerId":null,"action":"state_update","phase":"shop","latencyMs":null,"payload":{"turn":7}}
{"level":30,"ts":1757263612539,"scope":"server","gameId":"mtkuj","playerId":"F7BnI6biTyZuXx1BAAAC","action":"updateAck","phase":null,"latencyMs":null,"payload":{"stateSeq":35}}
{"level":30,"ts":1757263612539,"scope":"server","gameId":"mtkuj","playerId":"q0j2pmtp-W1LQG4yAAAD","action":"updateAck","phase":null,"latencyMs":null,"payload":{"stateSeq":35}}
{"level":30,"ts":1757263612539,"scope":"server","gameId":"mtkuj","playerId":"q0j2pmtp-W1LQG4yAAAD","action":"playCard","phase":"play","latencyMs":null,"payload":{"card":64}}
{"level":30,"ts":1757263612539,"scope":"server","gameId":"mtkuj","playerId":null,"action":"state_update","phase":"play","latencyMs":null,"payload":{"turn":7}}
{"level":30,"ts":1757263612540,"scope":"server","gameId":"mtkuj","playerId":"F7BnI6biTyZuXx1BAAAC","action":"playCard","phase":"play","latencyMs":null,"payload":{"card":47}}
{"level":30,"ts":1757263612540,"scope":"server","gameId":"mtkuj","playerId":null,"action":"phase_transition","phase":null,"latencyMs":null,"payload":{"from":"play","to":"sanctuary","turn":7}}
{"level":30,"ts":1757263612540,"scope":"server","gameId":"mtkuj","playerId":"F7BnI6biTyZuXx1BAAAC","action":"updateAck","phase":null,"latencyMs":1,"payload":{"stateSeq":36}}
{"level":30,"ts":1757263612540,"scope":"server","gameId":"mtkuj","playerId":"q0j2pmtp-W1LQG4yAAAD","action":"updateAck","phase":null,"latencyMs":1,"payload":{"stateSeq":36}}
{"level":30,"ts":1757263612540,"scope":"server","gameId":"mtkuj","playerId":"q0j2pmtp-W1LQG4yAAAD","action":"playCard_reject","phase":"sanctuary","latencyMs":null,"payload":{"card":10,"reason":"phase"}}
{"level":30,"ts":1757263612540,"scope":"server","gameId":"mtkuj","playerId":"F7BnI6biTyZuXx1BAAAC","action":"playCard_reject","phase":"sanctuary","latencyMs":null,"payload":{"card":39,"reason":"phase"}}
{"level":30,"ts":1757263612540,"scope":"server","gameId":"mtkuj","playerId":"q0j2pmtp-W1LQG4yAAAD","action":"updateAck","phase":null,"latencyMs":null,"payload":{"stateSeq":37}}
{"level":30,"ts":1757263612540,"scope":"server","gameId":"mtkuj","playerId":"F7BnI6biTyZuXx1BAAAC","action":"updateAck","phase":null,"latencyMs":null,"payload":{"stateSeq":37}}
{"level":30,"ts":1757263612540,"scope":"server","gameId":"mtkuj","playerId":"q0j2pmtp-W1LQG4yAAAD","action":"sanctuaryChoose","phase":"sanctuary","latencyMs":null,"payload":{"card":34}}
{"level":30,"ts":1757263612540,"scope":"server","gameId":"mtkuj","playerId":null,"action":"state_update","phase":"sanctuary","latencyMs":null,"payload":{"turn":7}}
{"level":30,"ts":1757263612540,"scope":"server","gameId":"mtkuj","playerId":"F7BnI6biTyZuXx1BAAAC","action":"sanctuaryChoose","phase":"sanctuary","latencyMs":null,"payload":{"card":0}}
{"level":30,"ts":1757263612541,"scope":"server","gameId":"mtkuj","playerId":null,"action":"phase_transition","phase":null,"latencyMs":null,"payload":{"to":"end","turn":7}}
{"level":30,"ts":1757263612541,"scope":"server","gameId":"mtkuj","playerId":"F7BnI6biTyZuXx1BAAAC","action":"score_breakdown","phase":null,"latencyMs":null,"payload":{"total":31,"round":[0,3,0,4,4,10,0,0,10]}}
{"level":30,"ts":1757263612541,"scope":"server","gameId":"mtkuj","playerId":"q0j2pmtp-W1LQG4yAAAD","action":"score_breakdown","phase":null,"latencyMs":null,"payload":{"total":33,"round":[0,2,0,0,4,0,14,0,13]}}
{"level":30,"ts":1757263612541,"scope":"server","gameId":"mtkuj","playerId":null,"action":"endGameScore","phase":null,"latencyMs":null,"payload":{"winners":["q0j2pmtp-W1LQG4yAAAD"],"scores":[{"total":31,"round":[0,3,0,4,4,10,0,0,10]},{"total":33,"round":[0,2,0,0,4,0,14,0,13]}]}}
{"level":30,"ts":1757263612541,"scope":"server","gameId":"mtkuj","playerId":"F7BnI6biTyZuXx1BAAAC","action":"invalidMoves","phase":null,"latencyMs":null,"payload":{"count":10}}
{"level":30,"ts":1757263612541,"scope":"server","gameId":"mtkuj","playerId":"q0j2pmtp-W1LQG4yAAAD","action":"invalidMoves","phase":null,"latencyMs":null,"payload":{"count":8}}
{"level":30,"ts":1757263612541,"scope":"server","gameId":"mtkuj","playerId":"F7BnI6biTyZuXx1BAAAC","action":"updateAck","phase":null,"latencyMs":1,"payload":{"stateSeq":38}}
{"level":30,"ts":1757263612541,"scope":"server","gameId":"mtkuj","playerId":"F7BnI6biTyZuXx1BAAAC","action":"sanctuaryChoose_reject","phase":"end","latencyMs":null,"payload":{"card":0,"reason":"phase"}}
{"level":30,"ts":1757263612541,"scope":"server","gameId":"mtkuj","playerId":"q0j2pmtp-W1LQG4yAAAD","action":"updateAck","phase":null,"latencyMs":1,"payload":{"stateSeq":38}}
{"level":30,"ts":1757263612541,"scope":"server","gameId":"mtkuj","playerId":"F7BnI6biTyZuXx1BAAAC","action":"updateAck","phase":null,"latencyMs":null,"payload":{"stateSeq":39}}
{"level":30,"ts":1757263612541,"scope":"server","gameId":"mtkuj","playerId":"q0j2pmtp-W1LQG4yAAAD","action":"updateAck","phase":null,"latencyMs":null,"payload":{"stateSeq":39}}
{"level":30,"ts":1757263612624,"scope":"server","gameId":null,"playerId":"_I_3Wau4sZFJ6pdLAAAF","action":"socket_connected","phase":null,"latencyMs":null,"payload":null}
{"level":30,"ts":1757263612628,"scope":"server","gameId":"qq3zx","playerId":"_I_3Wau4sZFJ6pdLAAAF","action":"room_joined","phase":null,"latencyMs":null,"payload":{"users":2}}
{"level":30,"ts":1757263612629,"scope":"server","gameId":"qq3zx","playerId":"_I_3Wau4sZFJ6pdLAAAF","action":"room_joined","phase":null,"latencyMs":null,"payload":{"users":3}}
{"level":30,"ts":1757263612629,"scope":"server","gameId":"mtkuj","playerId":"F7BnI6biTyZuXx1BAAAC","action":"updateAck_missingSent","phase":null,"latencyMs":null,"payload":{"stateSeq":0}}
{"level":30,"ts":1757263612629,"scope":"server","gameId":"mtkuj","playerId":"F7BnI6biTyZuXx1BAAAC","action":"updateAck_missingSent","phase":null,"latencyMs":null,"payload":{"stateSeq":0}}
{"level":30,"ts":1757263612930,"scope":"server","gameId":"qq3zx","playerId":"_I_3Wau4sZFJ6pdLAAAF","action":"startGame_request","phase":null,"latencyMs":null,"payload":null}
{"level":30,"ts":1757263612930,"scope":"server","gameId":"qq3zx","playerId":null,"action":"beginGame_init","phase":null,"latencyMs":null,"payload":{"users":3}}
{"level":30,"ts":1757263612931,"scope":"server","gameId":"qq3zx","playerId":"_I_3Wau4sZFJ6pdLAAAF","action":"startGame_request","phase":null,"latencyMs":null,"payload":null}
{"level":30,"ts":1757263612931,"scope":"server","gameId":"qq3zx","playerId":null,"action":"beginGame_init","phase":null,"latencyMs":null,"payload":{"users":3}}
{"level":30,"ts":1757263613233,"scope":"server","gameId":"qq3zx","playerId":null,"action":"beginGame_started","phase":null,"latencyMs":null,"payload":null}
{"level":30,"ts":1757263613234,"scope":"server","gameId":"qq3zx","playerId":null,"action":"beginGame_started","phase":null,"latencyMs":null,"payload":null}
{"level":30,"ts":1757263613235,"scope":"server","gameId":"mtkuj","playerId":"F7BnI6biTyZuXx1BAAAC","action":"updateAck_missingSent","phase":null,"latencyMs":null,"payload":{"stateSeq":1}}
{"level":30,"ts":1757263613235,"scope":"server","gameId":"mtkuj","playerId":"F7BnI6biTyZuXx1BAAAC","action":"playCard_reject","phase":"end","latencyMs":null,"payload":{"card":7,"reason":"phase"}}
{"level":30,"ts":1757263613235,"scope":"server","gameId":"qq3zx","playerId":"_I_3Wau4sZFJ6pdLAAAF","action":"updateAck","phase":null,"latencyMs":2,"payload":{"stateSeq":1}}
{"level":30,"ts":1757263613236,"scope":"server","gameId":"mtkuj","playerId":"F7BnI6biTyZuXx1BAAAC","action":"updateAck_missingSent","phase":null,"latencyMs":null,"payload":{"stateSeq":2}}
{"level":30,"ts":1757263613236,"scope":"server","gameId":"mtkuj","playerId":"F7BnI6biTyZuXx1BAAAC","action":"playCard_reject","phase":"end","latencyMs":null,"payload":{"card":71,"reason":"phase"}}
{"level":30,"ts":1757263613236,"scope":"server","gameId":"qq3zx","playerId":"_I_3Wau4sZFJ6pdLAAAF","action":"playCard","phase":"play","latencyMs":null,"payload":{"card":75}}
{"level":30,"ts":1757263613236,"scope":"server","gameId":"qq3zx","playerId":null,"action":"state_update","phase":"play","latencyMs":null,"payload":{"turn":0}}
{"level":30,"ts":1757263613237,"scope":"server","gameId":"qq3zx","playerId":"_I_3Wau4sZFJ6pdLAAAF","action":"updateAck","phase":null,"latencyMs":3,"payload":{"stateSeq":2}}
{"level":30,"ts":1757263613237,"scope":"server","gameId":"mtkuj","playerId":"F7BnI6biTyZuXx1BAAAC","action":"updateAck_missingSent","phase":null,"latencyMs":null,"payload":{"stateSeq":3}}
{"level":30,"ts":1757263613237,"scope":"server","gameId":"mtkuj","playerId":"F7BnI6biTyZuXx1BAAAC","action":"playCard_reject","phase":"end","latencyMs":null,"payload":{"card":71,"reason":"phase"}}
{"level":30,"ts":1757263613237,"scope":"server","gameId":"qq3zx","playerId":"_I_3Wau4sZFJ6pdLAAAF","action":"playCard_reject","phase":"play","latencyMs":null,"payload":{"card":25,"reason":"alreadyPlayed"}}
{"level":30,"ts":1757263613238,"scope":"server","gameId":"qq3zx","playerId":"_I_3Wau4sZFJ6pdLAAAF","action":"updateAck","phase":null,"latencyMs":2,"payload":{"stateSeq":3}}
{"level":30,"ts":1757263613238,"scope":"server","gameId":"qq3zx","playerId":"_I_3Wau4sZFJ6pdLAAAF","action":"playCard_reject","phase":"play","latencyMs":null,"payload":{"card":11,"reason":"alreadyPlayed"}}
{"level":30,"ts":1757263613315,"scope":"server","gameId":null,"playerId":"nAqhc5-SfHRwx0qnAAAH","action":"socket_connected","phase":null,"latencyMs":null,"payload":null}
{"level":30,"ts":1757263613320,"scope":"server","gameId":"r9n5v","playerId":"nAqhc5-SfHRwx0qnAAAH","action":"room_joined","phase":null,"latencyMs":null,"payload":{"users":2}}
{"level":30,"ts":1757263613320,"scope":"server","gameId":"r9n5v","playerId":"nAqhc5-SfHRwx0qnAAAH","action":"room_joined","phase":null,"latencyMs":null,"payload":{"users":3}}
{"level":30,"ts":1757263613320,"scope":"server","gameId":"mtkuj","playerId":"q0j2pmtp-W1LQG4yAAAD","action":"updateAck_missingSent","phase":null,"latencyMs":null,"payload":{"stateSeq":0}}
{"level":30,"ts":1757263613321,"scope":"server","gameId":"mtkuj","playerId":"q0j2pmtp-W1LQG4yAAAD","action":"updateAck_missingSent","phase":null,"latencyMs":null,"payload":{"stateSeq":0}}
{"level":30,"ts":1757263613338,"scope":"server","gameId":null,"playerId":"Y58CEYrTlR24BhGfAAAJ","action":"socket_connected","phase":null,"latencyMs":null,"payload":null}
{"level":30,"ts":1757263613342,"scope":"server","gameId":"r9n5v","playerId":"Y58CEYrTlR24BhGfAAAJ","action":"room_joined","phase":null,"latencyMs":null,"payload":{"users":4}}
{"level":30,"ts":1757263613342,"scope":"server","gameId":"r9n5v","playerId":"Y58CEYrTlR24BhGfAAAJ","action":"room_joined","phase":null,"latencyMs":null,"payload":{"users":5}}
{"level":30,"ts":1757263613342,"scope":"server","gameId":"mtkuj","playerId":"q0j2pmtp-W1LQG4yAAAD","action":"updateAck_missingSent","phase":null,"latencyMs":null,"payload":{"stateSeq":0}}
{"level":30,"ts":1757263613342,"scope":"server","gameId":"mtkuj","playerId":"q0j2pmtp-W1LQG4yAAAD","action":"updateAck_missingSent","phase":null,"latencyMs":null,"payload":{"stateSeq":0}}
{"level":30,"ts":1757263613622,"scope":"server","gameId":"r9n5v","playerId":"nAqhc5-SfHRwx0qnAAAH","action":"startGame_request","phase":null,"latencyMs":null,"payload":null}
{"level":30,"ts":1757263613622,"scope":"server","gameId":"r9n5v","playerId":null,"action":"beginGame_init","phase":null,"latencyMs":null,"payload":{"users":5}}
{"level":30,"ts":1757263613623,"scope":"server","gameId":"r9n5v","playerId":"nAqhc5-SfHRwx0qnAAAH","action":"startGame_request","phase":null,"latencyMs":null,"payload":null}
{"level":30,"ts":1757263613623,"scope":"server","gameId":"r9n5v","playerId":null,"action":"beginGame_init","phase":null,"latencyMs":null,"payload":{"users":5}}
{"level":30,"ts":1757263613643,"scope":"server","gameId":"r9n5v","playerId":"Y58CEYrTlR24BhGfAAAJ","action":"startGame_request","phase":null,"latencyMs":null,"payload":null}
{"level":30,"ts":1757263613643,"scope":"server","gameId":"r9n5v","playerId":null,"action":"beginGame_init","phase":null,"latencyMs":null,"payload":{"users":5}}
{"level":30,"ts":1757263613644,"scope":"server","gameId":"r9n5v","playerId":"Y58CEYrTlR24BhGfAAAJ","action":"startGame_request","phase":null,"latencyMs":null,"payload":null}
{"level":30,"ts":1757263613644,"scope":"server","gameId":"r9n5v","playerId":null,"action":"beginGame_init","phase":null,"latencyMs":null,"payload":{"users":5}}
{"level":30,"ts":1757263613924,"scope":"server","gameId":"r9n5v","playerId":null,"action":"beginGame_started","phase":null,"latencyMs":null,"payload":null}
{"level":30,"ts":1757263613925,"scope":"server","gameId":"r9n5v","playerId":null,"action":"beginGame_started","phase":null,"latencyMs":null,"payload":null}
{"level":30,"ts":1757263613926,"scope":"server","gameId":"mtkuj","playerId":"q0j2pmtp-W1LQG4yAAAD","action":"updateAck_missingSent","phase":null,"latencyMs":null,"payload":{"stateSeq":1}}
{"level":30,"ts":1757263613926,"scope":"server","gameId":"r9n5v","playerId":"nAqhc5-SfHRwx0qnAAAH","action":"updateAck","phase":null,"latencyMs":2,"payload":{"stateSeq":1}}
{"level":30,"ts":1757263613926,"scope":"server","gameId":"r9n5v","playerId":"Y58CEYrTlR24BhGfAAAJ","action":"updateAck","phase":null,"latencyMs":2,"payload":{"stateSeq":1}}
{"level":30,"ts":1757263613926,"scope":"server","gameId":"mtkuj","playerId":"q0j2pmtp-W1LQG4yAAAD","action":"playCard_reject","phase":"end","latencyMs":null,"payload":{"card":7,"reason":"phase"}}
{"level":30,"ts":1757263613926,"scope":"server","gameId":"mtkuj","playerId":"q0j2pmtp-W1LQG4yAAAD","action":"updateAck_missingSent","phase":null,"latencyMs":null,"payload":{"stateSeq":2}}
{"level":30,"ts":1757263613926,"scope":"server","gameId":"mtkuj","playerId":"q0j2pmtp-W1LQG4yAAAD","action":"playCard_reject","phase":"end","latencyMs":null,"payload":{"card":51,"reason":"phase"}}
{"level":30,"ts":1757263613927,"scope":"server","gameId":"r9n5v","playerId":"Y58CEYrTlR24BhGfAAAJ","action":"playCard","phase":"play","latencyMs":null,"payload":{"card":24}}
{"level":30,"ts":1757263613927,"scope":"server","gameId":"r9n5v","playerId":null,"action":"state_update","phase":"play","latencyMs":null,"payload":{"turn":0}}
{"level":30,"ts":1757263613927,"scope":"server","gameId":"r9n5v","playerId":"nAqhc5-SfHRwx0qnAAAH","action":"playCard","phase":"play","latencyMs":null,"payload":{"card":48}}
{"level":30,"ts":1757263613927,"scope":"server","gameId":"r9n5v","playerId":null,"action":"state_update","phase":"play","latencyMs":null,"payload":{"turn":0}}
{"level":30,"ts":1757263613927,"scope":"server","gameId":"r9n5v","playerId":"nAqhc5-SfHRwx0qnAAAH","action":"updateAck","phase":null,"latencyMs":2,"payload":{"stateSeq":2}}
{"level":30,"ts":1757263613928,"scope":"server","gameId":"r9n5v","playerId":"Y58CEYrTlR24BhGfAAAJ","action":"updateAck","phase":null,"latencyMs":3,"payload":{"stateSeq":2}}
{"level":30,"ts":1757263613928,"scope":"server","gameId":"mtkuj","playerId":"q0j2pmtp-W1LQG4yAAAD","action":"updateAck_missingSent","phase":null,"latencyMs":null,"payload":{"stateSeq":3}}
{"level":30,"ts":1757263613928,"scope":"server","gameId":"mtkuj","playerId":"q0j2pmtp-W1LQG4yAAAD","action":"playCard_reject","phase":"end","latencyMs":null,"payload":{"card":51,"reason":"phase"}}
{"level":30,"ts":1757263613928,"scope":"server","gameId":"r9n5v","playerId":"nAqhc5-SfHRwx0qnAAAH","action":"playCard_reject","phase":"play","latencyMs":null,"payload":{"card":26,"reason":"alreadyPlayed"}}
{"level":30,"ts":1757263613928,"scope":"server","gameId":"r9n5v","playerId":"Y58CEYrTlR24BhGfAAAJ","action":"playCard_reject","phase":"play","latencyMs":null,"payload":{"card":24,"reason":"alreadyPlayed"}}
{"level":30,"ts":1757263613928,"scope":"server","gameId":"mtkuj","playerId":"q0j2pmtp-W1LQG4yAAAD","action":"updateAck_missingSent","phase":null,"latencyMs":null,"payload":{"stateSeq":4}}
{"level":30,"ts":1757263613928,"scope":"server","gameId":"r9n5v","playerId":"nAqhc5-SfHRwx0qnAAAH","action":"updateAck","phase":null,"latencyMs":1,"payload":{"stateSeq":3}}
{"level":30,"ts":1757263613928,"scope":"server","gameId":"r9n5v","playerId":"Y58CEYrTlR24BhGfAAAJ","action":"updateAck","phase":null,"latencyMs":1,"payload":{"stateSeq":3}}
{"level":30,"ts":1757263613929,"scope":"server","gameId":"r9n5v","playerId":"nAqhc5-SfHRwx0qnAAAH","action":"playCard_reject","phase":"play","latencyMs":null,"payload":{"card":48,"reason":"alreadyPlayed"}}
{"level":30,"ts":1757263613929,"scope":"server","gameId":"r9n5v","playerId":"nAqhc5-SfHRwx0qnAAAH","action":"updateAck","phase":null,"latencyMs":2,"payload":{"stateSeq":4}}
{"level":30,"ts":1757263613929,"scope":"server","gameId":"r9n5v","playerId":"nAqhc5-SfHRwx0qnAAAH","action":"playCard_reject","phase":"play","latencyMs":null,"payload":{"card":38,"reason":"alreadyPlayed"}}
{"level":30,"ts":1757263613929,"scope":"server","gameId":"r9n5v","playerId":"Y58CEYrTlR24BhGfAAAJ","action":"playCard_reject","phase":"play","latencyMs":null,"payload":{"card":69,"reason":"alreadyPlayed"}}
{"level":30,"ts":1757263613929,"scope":"server","gameId":"r9n5v","playerId":"Y58CEYrTlR24BhGfAAAJ","action":"updateAck","phase":null,"latencyMs":2,"payload":{"stateSeq":4}}
{"level":30,"ts":1757263613929,"scope":"server","gameId":"r9n5v","playerId":"Y58CEYrTlR24BhGfAAAJ","action":"playCard_reject","phase":"play","latencyMs":null,"payload":{"card":69,"reason":"alreadyPlayed"}}
{"level":30,"ts":1757263613929,"scope":"server","gameId":"mtkuj","playerId":"q0j2pmtp-W1LQG4yAAAD","action":"playCard_reject","phase":"end","latencyMs":null,"payload":{"card":9,"reason":"phase"}}
{"level":30,"ts":1757263613944,"scope":"server","gameId":"r9n5v","playerId":null,"action":"beginGame_started","phase":null,"latencyMs":null,"payload":null}
{"level":30,"ts":1757263613945,"scope":"server","gameId":"r9n5v","playerId":null,"action":"beginGame_started","phase":null,"latencyMs":null,"payload":null}
{"level":30,"ts":1757263613945,"scope":"server","gameId":"mtkuj","playerId":"q0j2pmtp-W1LQG4yAAAD","action":"updateAck_missingSent","phase":null,"latencyMs":null,"payload":{"stateSeq":5}}
{"level":30,"ts":1757263613945,"scope":"server","gameId":"mtkuj","playerId":"q0j2pmtp-W1LQG4yAAAD","action":"playCard_reject","phase":"end","latencyMs":null,"payload":{"card":7,"reason":"phase"}}
{"level":30,"ts":1757263613945,"scope":"server","gameId":"r9n5v","playerId":"nAqhc5-SfHRwx0qnAAAH","action":"updateAck","phase":null,"latencyMs":1,"payload":{"stateSeq":5}}
{"level":30,"ts":1757263613945,"scope":"server","gameId":"mtkuj","playerId":"q0j2pmtp-W1LQG4yAAAD","action":"updateAck_missingSent","phase":null,"latencyMs":null,"payload":{"stateSeq":6}}
{"level":30,"ts":1757263613946,"scope":"server","gameId":"mtkuj","playerId":"q0j2pmtp-W1LQG4yAAAD","action":"playCard_reject","phase":"end","latencyMs":null,"payload":{"card":51,"reason":"phase"}}
{"level":30,"ts":1757263613946,"scope":"server","gameId":"r9n5v","playerId":"Y58CEYrTlR24BhGfAAAJ","action":"updateAck","phase":null,"latencyMs":2,"payload":{"stateSeq":5}}
{"level":30,"ts":1757263613946,"scope":"server","gameId":"r9n5v","playerId":"nAqhc5-SfHRwx0qnAAAH","action":"playCard_reject","phase":"play","latencyMs":null,"payload":{"card":42,"reason":"alreadyPlayed"}}
{"level":30,"ts":1757263613946,"scope":"server","gameId":"r9n5v","playerId":"Y58CEYrTlR24BhGfAAAJ","action":"playCard_reject","phase":"play","latencyMs":null,"payload":{"card":30,"reason":"alreadyPlayed"}}
{"level":30,"ts":1757263613946,"scope":"server","gameId":"r9n5v","playerId":"nAqhc5-SfHRwx0qnAAAH","action":"updateAck","phase":null,"latencyMs":1,"payload":{"stateSeq":6}}
{"level":30,"ts":1757263613946,"scope":"server","gameId":"r9n5v","playerId":"Y58CEYrTlR24BhGfAAAJ","action":"updateAck","phase":null,"latencyMs":1,"payload":{"stateSeq":6}}
{"level":30,"ts":1757263613946,"scope":"server","gameId":"r9n5v","playerId":"nAqhc5-SfHRwx0qnAAAH","action":"playCard_reject","phase":"play","latencyMs":null,"payload":{"card":55,"reason":"alreadyPlayed"}}
{"level":30,"ts":1757263613946,"scope":"server","gameId":"r9n5v","playerId":"Y58CEYrTlR24BhGfAAAJ","action":"playCard_reject","phase":"play","latencyMs":null,"payload":{"card":69,"reason":"alreadyPlayed"}}
{"level":30,"ts":1757263615627,"scope":"server","gameId":null,"playerId":"OU_e7OptgJ1CMeBSAAAL","action":"socket_connected","phase":null,"latencyMs":null,"payload":null}
{"level":30,"ts":1757263615631,"scope":"server","gameId":"xm52h","playerId":"OU_e7OptgJ1CMeBSAAAL","action":"room_created","phase":null,"latencyMs":null,"payload":null}
{"level":30,"ts":1757263615631,"scope":"server","gameId":"1av0m","playerId":"OU_e7OptgJ1CMeBSAAAL","action":"room_created","phase":null,"latencyMs":null,"payload":null}
